#-----------------------------------------------------------
# Webtalk v2019.1 (64-bit)
# SW Build 2552052 on Fri May 24 14:49:42 MDT 2019
# 
# Start of session at: Wed Nov 29 13:09:36 2023
# Process ID: 16220
# Current directory: C:/Users/acara/project_1/project_1.sdk/webtalk
# Command line: wbtcv.exe -mode batch -source sdk_webtalk.tcl
# Log file: C:/Users/acara/project_1/project_1.sdk/webtalk/webtalk.log
# Journal file: C:/Users/acara/project_1/project_1.sdk/webtalk\webtalk.jou
#-----------------------------------------------------------
source sdk_webtalk.tcl
# webtalk_init -webtalk_dir C:\\Users\\acara\\project_1\\project_1.sdk\\webtalk
# webtalk_register_client -client project
# webtalk_add_data -client project -key date_generated -value "2023-11-29 13:09:33" -context "software_version_and_target_device"
# webtalk_add_data -client project -key product_version -value "SDK v2019.1" -context "software_version_and_target_device"
# webtalk_add_data -client project -key build_version -value "2019.1" -context "software_version_and_target_device"
# webtalk_add_data -client project -key os_platform -value "amd64" -context "software_version_and_target_device"
# webtalk_add_data -client project -key registration_id -value "212590895_0_0_047" -context "software_version_and_target_device"
# webtalk_add_data -client project -key tool_flow -value "SDK" -context "software_version_and_target_device"
# webtalk_add_data -client project -key beta -value "false" -context "software_version_and_target_device"
# webtalk_add_data -client project -key route_design -value "NA" -context "software_version_and_target_device"
# webtalk_add_data -client project -key target_family -value "NA" -context "software_version_and_target_device"
# webtalk_add_data -client project -key target_device -value "NA" -context "software_version_and_target_device"
# webtalk_add_data -client project -key target_package -value "NA" -context "software_version_and_target_device"
# webtalk_add_data -client project -key target_speed -value "NA" -context "software_version_and_target_device"
# webtalk_add_data -client project -key random_id -value "tbk08dv6ogh1d58v1g1fu2mff6" -context "software_version_and_target_device"
# webtalk_add_data -client project -key project_id -value "2019.1_7" -context "software_version_and_target_device"
# webtalk_add_data -client project -key project_iteration -value "7" -context "software_version_and_target_device"
# webtalk_add_data -client project -key os_name -value "Microsoft Windows 8 or later , 64-bit" -context "user_environment"
# webtalk_add_data -client project -key os_release -value "major release  (build 9200)" -context "user_environment"
# webtalk_add_data -client project -key cpu_name -value "12th Gen Intel(R) Core(TM) i5-12450H" -context "user_environment"
# webtalk_add_data -client project -key cpu_speed -value "2496 MHz" -context "user_environment"
# webtalk_add_data -client project -key total_processors -value "1" -context "user_environment"
# webtalk_add_data -client project -key system_ram -value "8.242 GB" -context "user_environment"
# webtalk_register_client -client sdk
# webtalk_add_data -client sdk -key uid -value "1701258971573" -context "sdk\\\\application/1701258971573"
# webtalk_add_data -client sdk -key hwid -value "1700747382294" -context "sdk\\\\application/1701258971573"
# webtalk_add_data -client sdk -key bspid -value "1700747409085" -context "sdk\\\\application/1701258971573"
# webtalk_add_data -client sdk -key newbsp -value "false" -context "sdk\\\\application/1701258971573"
# webtalk_add_data -client sdk -key os -value "standalone" -context "sdk\\\\application/1701258971573"
# webtalk_add_data -client sdk -key apptemplate -value "hello_world" -context "sdk\\\\application/1701258971573"
# webtalk_add_data -client sdk -key RecordType -value "APPCreation" -context "sdk\\\\application/1701258971573"
# webtalk_add_data -client sdk -key LangUsed -value "C" -context "sdk\\\\application/1701258971573"
# webtalk_add_data -client sdk -key Procused -value "ps7_cortexa9" -context "sdk\\\\application/1701258971573"
# webtalk_add_data -client sdk -key projSize -value "193.64453125" -context "sdk\\\\application/1701258971573"
# webtalk_add_data -client sdk -key uid -value "NA" -context "sdk\\\\bsp/1701259773293"
# webtalk_add_data -client sdk -key RecordType -value "ToolUsage" -context "sdk\\\\bsp/1701259773293"
# webtalk_add_data -client sdk -key BootgenCount -value "0" -context "sdk\\\\bsp/1701259773293"
# webtalk_add_data -client sdk -key DebugCount -value "6" -context "sdk\\\\bsp/1701259773293"
# webtalk_add_data -client sdk -key PerfCount -value "0" -context "sdk\\\\bsp/1701259773293"
# webtalk_add_data -client sdk -key FlashCount -value "0" -context "sdk\\\\bsp/1701259773293"
# webtalk_add_data -client sdk -key CrossTriggCount -value "0" -context "sdk\\\\bsp/1701259773293"
# webtalk_add_data -client sdk -key QemuDebugCount -value "0" -context "sdk\\\\bsp/1701259773293"
# webtalk_transmit -clientid 2146522518 -regid "212590895_0_0_047" -xml C:\\Users\\acara\\project_1\\project_1.sdk\\webtalk\\usage_statistics_ext_sdk.xml -html C:\\Users\\acara\\project_1\\project_1.sdk\\webtalk\\usage_statistics_ext_sdk.html -wdm C:\\Users\\acara\\project_1\\project_1.sdk\\webtalk\\sdk_webtalk.wdm -intro "<H3>SDK Usage Report</H3><BR>"
# webtalk_terminate
INFO: [Common 17-206] Exiting Webtalk at Wed Nov 29 13:09:36 2023...
